<?xml version="1.0" encoding="UTF-8"?>
<testsuite xmlns:xsi="http://www.w3.org/2001/XMLSchema-instance" xsi:schemaLocation="https://maven.apache.org/surefire/maven-surefire-plugin/xsd/surefire-test-report.xsd" name="TestSuite" time="54.639" tests="4" errors="0" skipped="0" failures="1">
  <properties>
[...]
</properties>
  <testcase name="verifyPageTitle" classname="cleartrip.testcases.TestNgExamples" time="0.031"/>
  <testcase name="verifyElementExists" classname="cleartrip.testcases.TestNgExample1" time="0.18"/>
  <testcase name="verifyFlightSearch" classname="cleartrip.testcases.TestNgExample1" time="34.581">
    <failure message="Expected condition failed: waiting for visibility of Proxy element for: DefaultElementLocator &apos;By.cssSelector: ul &gt; li tbody tr td &gt; button&apos; (tried for 20 second(s) with 500 MILLISECONDS interval)" type="org.openqa.selenium.TimeoutException">org.openqa.selenium.TimeoutException: Expected condition failed: waiting for visibility of Proxy element for: DefaultElementLocator 'By.cssSelector: ul > li tbody tr td > button' (tried for 20 second(s) with 500 MILLISECONDS interval)
	at cleartrip.testcases.TestNgExample1.verifyFlightSearch(TestNgExample1.java:116)
Caused by: org.openqa.selenium.NoSuchElementException: 
no such element: Unable to locate element: {"method":"css selector","selector":"ul > li tbody tr td > button"}
  (Session info: chrome=63.0.3239.132)
  (Driver info: chromedriver=2.35.528161 (5b82f2d2aae0ca24b877009200ced9065a772e73),platform=Windows NT 10.0.16299 x86_64) (WARNING: The server did not provide any stacktrace information)
Command duration or timeout: 0 milliseconds
For documentation on this error, please visit: http://seleniumhq.org/exceptions/no_such_element.html
Build info: version: '3.8.1', revision: '6e95a6684b', time: '2017-12-01T18:33:54.468Z'
System info: host: 'DESKTOP-5I575L6', ip: '10.239.68.160', os.name: 'Windows 10', os.arch: 'amd64', os.version: '10.0', java.version: '9.0.4'
Driver info: org.openqa.selenium.chrome.ChromeDriver
Capabilities {acceptInsecureCerts: false, acceptSslCerts: false, applicationCacheEnabled: false, browserConnectionEnabled: false, browserName: chrome, chrome: {chromedriverVersion: 2.35.528161 (5b82f2d2aae0ca..., userDataDir: C:\Users\sifyk\AppData\Loca...}, cssSelectorsEnabled: true, databaseEnabled: false, handlesAlerts: true, hasTouchScreen: false, javascriptEnabled: true, locationContextEnabled: true, mobileEmulationEnabled: false, nativeEvents: true, networkConnectionEnabled: false, pageLoadStrategy: normal, platform: XP, platformName: XP, rotatable: false, setWindowRect: true, takesHeapSnapshot: true, takesScreenshot: true, unexpectedAlertBehaviour: , unhandledPromptBehavior: , version: 63.0.3239.132, webStorageEnabled: true}
Session ID: afbe6841ea00a2cd05ea8ea5c93f2df1
*** Element info: {Using=css selector, value=ul > li tbody tr td > button}
	at cleartrip.testcases.TestNgExample1.verifyFlightSearch(TestNgExample1.java:116)
</failure>
    <system-out><![CDATA[true
true

]]></system-out>
  </testcase>
  <testcase name="verifyRoundTrip" classname="cleartrip.testcases.TestNgExample1" time="0.304"/>
</testsuite>